<?xml version="1.0" encoding="UTF-8"?>
<!-- Generated by org.testng.reporters.JUnitReportReporter -->
<testsuite hostname="HYDPCM364778L" failures="0" tests="2" name="dataprovider.dataprovide" time="106.200" errors="0" timestamp="2021-03-08T16:40:25 IST" skipped="0">
  <testcase classname="dataprovider.dataprovide" name="search" time="70.025"/>
  <system-out>
Keyword entered is : Automation Search results are displayed.  </system-out>
  <testcase classname="dataprovider.dataprovide" name="search" time="36.175"/>
  <system-out>
Keyword entered is : Lambda Test Search results are displayed.  </system-out>
</testsuite> <!-- dataprovider.dataprovide -->
