<?xml version="1.0" encoding="UTF-8"?>
<!-- Generated by org.testng.reporters.JUnitReportReporter -->
<testsuite hostname="HYDPCM364778L" failures="0" tests="1" name="dataprovider.extent_report" time="20.598" errors="0" timestamp="2021-03-08T16:13:58 IST" skipped="0">
  <testcase classname="dataprovider.extent_report" name="f" time="20.598"/>
  <system-out/>
</testsuite> <!-- dataprovider.extent_report -->
