<?xml version="1.0" encoding="UTF-8"?>
<!-- Generated by org.testng.reporters.JUnitReportReporter -->
<testsuite hostname="HYDPCM364778L" failures="0" tests="1" name="annotations.DropDown" time="77.652" errors="0" timestamp="2021-03-08T18:01:05 IST" skipped="0">
  <testcase classname="annotations.DropDown" name="test" time="77.652"/>
  <system-out/>
</testsuite> <!-- annotations.DropDown -->
