<?xml version="1.0" encoding="UTF-8"?>
<!-- Generated by org.testng.reporters.JUnitReportReporter -->
<testsuite hostname="HYDPCM364778L" failures="0" tests="1" name="annotations.DragNDrop" time="20.858" errors="0" timestamp="2021-03-08T17:59:34 IST" skipped="0">
  <testcase classname="annotations.DragNDrop" name="test" time="20.858"/>
  <system-out/>
</testsuite> <!-- annotations.DragNDrop -->
