<?xml version="1.0" encoding="UTF-8"?>
<!-- Generated by org.testng.reporters.JUnitReportReporter -->
<testsuite hostname="HYDPCM364778L" failures="0" tests="1" name="annotations.google_search" time="31.243" errors="0" timestamp="2021-03-08T18:01:59 IST" skipped="0">
  <testcase classname="annotations.google_search" name="test" time="31.243"/>
  <system-out/>
</testsuite> <!-- annotations.google_search -->
