<?xml version="1.0" encoding="UTF-8"?>
<!-- Generated by org.testng.reporters.JUnitReportReporter -->
<testsuite hostname="HYDPCM364778L" failures="0" tests="1" name="annotations.window_popup" time="85.790" errors="0" timestamp="2021-03-08T18:07:11 IST" skipped="0">
  <testcase classname="annotations.window_popup" name="f" time="85.790"/>
  <system-out/>
</testsuite> <!-- annotations.window_popup -->
