<?xml version="1.0" encoding="UTF-8"?>
<!-- Generated by org.testng.reporters.JUnitReportReporter -->
<testsuite hostname="HYDPCM364778L" failures="0" tests="1" name="annotations.properties" time="0.012" errors="0" timestamp="2021-03-08T18:02:11 IST" skipped="0">
  <testcase classname="annotations.properties" name="f" time="0.012"/>
  <system-out/>
</testsuite> <!-- annotations.properties -->
