<?xml version="1.0" encoding="UTF-8"?>
<!-- Generated by org.testng.reporters.JUnitReportReporter -->
<testsuite hostname="HYDPCM364778L" failures="0" tests="1" name="annotations.Scroll_webpage" time="52.255" errors="0" timestamp="2021-03-08T18:03:16 IST" skipped="0">
  <testcase classname="annotations.Scroll_webpage" name="f" time="52.255"/>
  <system-out/>
</testsuite> <!-- annotations.Scroll_webpage -->
