<?xml version="1.0" encoding="UTF-8"?>
<!-- Generated by org.testng.reporters.JUnitReportReporter -->
<testsuite hostname="HYDPCM364778L" failures="0" tests="1" name="annotations.without_sendkeys" time="20.082" errors="0" timestamp="2021-03-08T18:08:22 IST" skipped="0">
  <testcase classname="annotations.without_sendkeys" name="f" time="20.082"/>
  <system-out/>
</testsuite> <!-- annotations.without_sendkeys -->
