<?xml version="1.0" encoding="UTF-8"?>
<!-- Generated by org.testng.reporters.JUnitReportReporter -->
<testsuite hostname="HYDPCM364778L" failures="0" tests="1" name="annotations.set_size" time="29.469" errors="0" timestamp="2021-03-08T18:05:26 IST" skipped="0">
  <testcase classname="annotations.set_size" name="f" time="29.469"/>
  <system-out/>
</testsuite> <!-- annotations.set_size -->
