<?xml version="1.0" encoding="UTF-8"?>
<!-- Generated by org.testng.reporters.JUnitReportReporter -->
<testsuite hostname="HYDPCM364778L" failures="0" tests="1" name="topic_3.screenshot" time="11.335" errors="0" timestamp="2021-03-08T12:25:54 IST" skipped="0">
  <testcase classname="topic_3.screenshot" name="f" time="11.335"/>
  <system-out/>
</testsuite> <!-- topic_3.screenshot -->
