<?xml version="1.0" encoding="UTF-8"?>
<!-- Generated by org.testng.reporters.JUnitReportReporter -->
<testsuite hostname="HYDPCM364778L" failures="0" tests="1" name="topic_3.excel" time="0.040" errors="0" timestamp="2021-03-08T11:37:28 IST" skipped="0">
  <testcase classname="topic_3.excel" name="f" time="0.040"/>
  <system-out/>
</testsuite> <!-- topic_3.excel -->
