<?xml version="1.0" encoding="UTF-8"?>
<!-- Generated by org.testng.reporters.JUnitReportReporter -->
<testsuite hostname="HYDPCM364778L" failures="0" tests="1" name="topic_3.tabs" time="54.993" errors="0" timestamp="2021-03-07T20:52:22 IST" skipped="0">
  <testcase classname="topic_3.tabs" name="f" time="54.993"/>
  <system-out/>
</testsuite> <!-- topic_3.tabs -->
