<?xml version="1.0" encoding="UTF-8"?>
<!-- Generated by org.testng.reporters.JUnitReportReporter -->
<testsuite hostname="HYDPCM364778L" failures="0" tests="1" name="topic_3.google_signup" time="23.719" errors="0" timestamp="2021-03-08T11:31:40 IST" skipped="0">
  <testcase classname="topic_3.google_signup" name="f" time="23.719"/>
  <system-out/>
</testsuite> <!-- topic_3.google_signup -->
